  [1m[35m (3.2ms)[0m  [1m[34mSELECT sqlite_version(*)[0m
  [1m[35m (1.5ms)[0m  [1m[35mCREATE TABLE "schema_migrations" ("version" varchar NOT NULL PRIMARY KEY)[0m
  [1m[35m (0.9ms)[0m  [1m[35mCREATE TABLE "ar_internal_metadata" ("key" varchar NOT NULL PRIMARY KEY, "value" varchar, "created_at" datetime(6) NOT NULL, "updated_at" datetime(6) NOT NULL)[0m
  [1m[35m (0.1ms)[0m  [1m[34mSELECT "schema_migrations"."version" FROM "schema_migrations" ORDER BY "schema_migrations"."version" ASC[0m
Migrating to CreatePosts (20200311183156)
  [1m[35m (0.1ms)[0m  [1m[36mbegin transaction[0m
  [1m[35m (0.7ms)[0m  [1m[35mCREATE TABLE "posts" ("id" integer PRIMARY KEY AUTOINCREMENT NOT NULL, "title" varchar, "content" varchar, "author" varchar, "like_count" integer, "created_at" datetime(6) NOT NULL, "updated_at" datetime(6) NOT NULL)[0m
  [1m[36mprimary::SchemaMigration Create (0.2ms)[0m  [1m[32mINSERT INTO "schema_migrations" ("version") VALUES (?)[0m  [["version", "20200311183156"]]
  [1m[35m (1.0ms)[0m  [1m[36mcommit transaction[0m
  [1m[36mActiveRecord::InternalMetadata Load (0.2ms)[0m  [1m[34mSELECT "ar_internal_metadata".* FROM "ar_internal_metadata" WHERE "ar_internal_metadata"."key" = ? LIMIT ?[0m  [["key", "environment"], ["LIMIT", 1]]
  [1m[35m (0.1ms)[0m  [1m[36mbegin transaction[0m
  [1m[36mActiveRecord::InternalMetadata Create (0.5ms)[0m  [1m[32mINSERT INTO "ar_internal_metadata" ("key", "value", "created_at", "updated_at") VALUES (?, ?, ?, ?)[0m  [["key", "environment"], ["value", "development"], ["created_at", "2020-03-11 18:33:34.736765"], ["updated_at", "2020-03-11 18:33:34.736765"]]
  [1m[35m (1.1ms)[0m  [1m[36mcommit transaction[0m
  [1m[35m (0.1ms)[0m  [1m[34mSELECT sqlite_version(*)[0m
  [1m[35m (0.1ms)[0m  [1m[34mSELECT "schema_migrations"."version" FROM "schema_migrations" ORDER BY "schema_migrations"."version" ASC[0m
  [1m[35m (0.3ms)[0m  [1m[34mSELECT sqlite_version(*)[0m
  [1m[35m (0.4ms)[0m  [1m[34mSELECT "schema_migrations"."version" FROM "schema_migrations" ORDER BY "schema_migrations"."version" ASC[0m
Started GET "/" for ::1 at 2020-03-11 14:35:20 -0400
  [1m[35m (0.9ms)[0m  [1m[34mSELECT sqlite_version(*)[0m
  [1m[35m (0.2ms)[0m  [1m[34mSELECT "schema_migrations"."version" FROM "schema_migrations" ORDER BY "schema_migrations"."version" ASC[0m
Processing by Rails::WelcomeController#index as HTML
  Rendering /Users/sdoran/.rvm/gems/ruby-2.6.1/gems/railties-6.0.2.1/lib/rails/templates/rails/welcome/index.html.erb
  Rendered /Users/sdoran/.rvm/gems/ruby-2.6.1/gems/railties-6.0.2.1/lib/rails/templates/rails/welcome/index.html.erb (Duration: 13.7ms | Allocations: 480)
Completed 200 OK in 45ms (Views: 29.0ms | ActiveRecord: 0.0ms | Allocations: 2862)


Started GET "/posts" for ::1 at 2020-03-11 14:35:45 -0400
Processing by PostsController#index as HTML
  Rendering posts/index.html.erb within layouts/application
  [1m[36mPost Load (0.4ms)[0m  [1m[34mSELECT "posts".* FROM "posts"[0m
  ↳ app/views/posts/index.html.erb:17
  Rendered posts/index.html.erb within layouts/application (Duration: 8.1ms | Allocations: 1371)
[Webpacker] Compiling...
[Webpacker] Compiled all packs in /Users/sdoran/Development/code/batches/nyc-web-021720/13-intro-to-rails/blog-app/public/packs
[Webpacker] Hash: 32e57f147dbdcbbf0c82
Version: webpack 4.42.0
Time: 3134ms
Built at: 03/11/2020 2:35:50 PM
                                     Asset       Size       Chunks                         Chunk Names
    js/application-bbe9c4a129ab949e0636.js    124 KiB  application  [emitted] [immutable]  application
js/application-bbe9c4a129ab949e0636.js.map    139 KiB  application  [emitted] [dev]        application
                             manifest.json  364 bytes               [emitted]              
Entrypoint application = js/application-bbe9c4a129ab949e0636.js js/application-bbe9c4a129ab949e0636.js.map
[./app/javascript/channels sync recursive _channel\.js$] ./app/javascript/channels sync _channel\.js$ 160 bytes {application} [built]
[./app/javascript/channels/index.js] 211 bytes {application} [built]
[./app/javascript/packs/application.js] 749 bytes {application} [built]
[./node_modules/webpack/buildin/module.js] (webpack)/buildin/module.js 552 bytes {application} [built]
    + 3 hidden modules

Completed 200 OK in 5463ms (Views: 5454.3ms | ActiveRecord: 0.9ms | Allocations: 25578)


Started GET "/posts/new" for ::1 at 2020-03-11 14:36:35 -0400
Processing by PostsController#new as HTML
  Rendering posts/new.html.erb within layouts/application
  Rendered posts/_form.html.erb (Duration: 55.2ms | Allocations: 7890)
  Rendered posts/new.html.erb within layouts/application (Duration: 58.0ms | Allocations: 8247)
[Webpacker] Everything's up-to-date. Nothing to do
Completed 200 OK in 93ms (Views: 73.6ms | ActiveRecord: 0.9ms | Allocations: 16595)


Started POST "/posts" for ::1 at 2020-03-11 14:36:49 -0400
Processing by PostsController#create as HTML
  Parameters: {"authenticity_token"=>"/kyKrD0fZ0/Uqfe5M59elUExt2aReV5nZ8ceXbkoe/8xwyzuoWXJV5IY1BfFFpDh9xSkaHpmVvG7YUhRPMmthA==", "post"=>{"title"=>"intro to rails", "content"=>"rails is cool", "author"=>"steven", "like_count"=>"5"}, "commit"=>"Create Post"}
  [1m[35m (0.2ms)[0m  [1m[36mbegin transaction[0m
  ↳ app/controllers/posts_controller.rb:30:in `block in create'
  [1m[36mPost Create (1.7ms)[0m  [1m[32mINSERT INTO "posts" ("title", "content", "author", "like_count", "created_at", "updated_at") VALUES (?, ?, ?, ?, ?, ?)[0m  [["title", "intro to rails"], ["content", "rails is cool"], ["author", "steven"], ["like_count", 5], ["created_at", "2020-03-11 18:36:49.082299"], ["updated_at", "2020-03-11 18:36:49.082299"]]
  ↳ app/controllers/posts_controller.rb:30:in `block in create'
  [1m[35m (1.0ms)[0m  [1m[36mcommit transaction[0m
  ↳ app/controllers/posts_controller.rb:30:in `block in create'
Redirected to http://localhost:3000/posts/1
Completed 302 Found in 14ms (ActiveRecord: 2.9ms | Allocations: 2892)


Started GET "/posts/1" for ::1 at 2020-03-11 14:36:49 -0400
Processing by PostsController#show as HTML
  Parameters: {"id"=>"1"}
  [1m[36mPost Load (0.2ms)[0m  [1m[34mSELECT "posts".* FROM "posts" WHERE "posts"."id" = ? LIMIT ?[0m  [["id", 1], ["LIMIT", 1]]
  ↳ app/controllers/posts_controller.rb:67:in `set_post'
  Rendering posts/show.html.erb within layouts/application
  Rendered posts/show.html.erb within layouts/application (Duration: 0.9ms | Allocations: 317)
[Webpacker] Everything's up-to-date. Nothing to do
Completed 200 OK in 24ms (Views: 17.6ms | ActiveRecord: 0.2ms | Allocations: 5439)


Started GET "/posts" for ::1 at 2020-03-11 14:36:51 -0400
Processing by PostsController#index as HTML
  Rendering posts/index.html.erb within layouts/application
  [1m[36mPost Load (0.1ms)[0m  [1m[34mSELECT "posts".* FROM "posts"[0m
  ↳ app/views/posts/index.html.erb:17
  Rendered posts/index.html.erb within layouts/application (Duration: 2.0ms | Allocations: 740)
[Webpacker] Everything's up-to-date. Nothing to do
Completed 200 OK in 15ms (Views: 13.9ms | ActiveRecord: 0.1ms | Allocations: 4772)


Started GET "/posts/new" for ::1 at 2020-03-11 14:36:53 -0400
Processing by PostsController#new as HTML
  Rendering posts/new.html.erb within layouts/application
  Rendered posts/_form.html.erb (Duration: 3.0ms | Allocations: 1102)
  Rendered posts/new.html.erb within layouts/application (Duration: 3.3ms | Allocations: 1189)
[Webpacker] Everything's up-to-date. Nothing to do
Completed 200 OK in 13ms (Views: 12.4ms | ActiveRecord: 0.0ms | Allocations: 5235)


Started POST "/posts" for ::1 at 2020-03-11 14:37:09 -0400
Processing by PostsController#create as HTML
  Parameters: {"authenticity_token"=>"309ngHDnbkCFtevGf/pafO1xnNyU69XXC4dAPXgd1TcQwMHC7J3AWMMEyGiJc5QIW1SP0n/03UHXIRYx/fwDTA==", "post"=>{"title"=>"other post", "content"=>"other ontent", "author"=>"other steven", "like_count"=>"9"}, "commit"=>"Create Post"}
  [1m[35m (0.1ms)[0m  [1m[36mbegin transaction[0m
  ↳ app/controllers/posts_controller.rb:30:in `block in create'
  [1m[36mPost Create (0.5ms)[0m  [1m[32mINSERT INTO "posts" ("title", "content", "author", "like_count", "created_at", "updated_at") VALUES (?, ?, ?, ?, ?, ?)[0m  [["title", "other post"], ["content", "other ontent"], ["author", "other steven"], ["like_count", 9], ["created_at", "2020-03-11 18:37:09.394959"], ["updated_at", "2020-03-11 18:37:09.394959"]]
  ↳ app/controllers/posts_controller.rb:30:in `block in create'
  [1m[35m (0.9ms)[0m  [1m[36mcommit transaction[0m
  ↳ app/controllers/posts_controller.rb:30:in `block in create'
Redirected to http://localhost:3000/posts/2
Completed 302 Found in 8ms (ActiveRecord: 1.5ms | Allocations: 2629)


Started GET "/posts/2" for ::1 at 2020-03-11 14:37:09 -0400
Processing by PostsController#show as HTML
  Parameters: {"id"=>"2"}
  [1m[36mPost Load (0.2ms)[0m  [1m[34mSELECT "posts".* FROM "posts" WHERE "posts"."id" = ? LIMIT ?[0m  [["id", 2], ["LIMIT", 1]]
  ↳ app/controllers/posts_controller.rb:67:in `set_post'
  Rendering posts/show.html.erb within layouts/application
  Rendered posts/show.html.erb within layouts/application (Duration: 0.3ms | Allocations: 90)
[Webpacker] Everything's up-to-date. Nothing to do
Completed 200 OK in 10ms (Views: 8.0ms | ActiveRecord: 0.2ms | Allocations: 4633)


Started GET "/posts" for ::1 at 2020-03-11 14:37:11 -0400
Processing by PostsController#index as HTML
  Rendering posts/index.html.erb within layouts/application
  [1m[36mPost Load (0.1ms)[0m  [1m[34mSELECT "posts".* FROM "posts"[0m
  ↳ app/views/posts/index.html.erb:17
  Rendered posts/index.html.erb within layouts/application (Duration: 1.7ms | Allocations: 869)
[Webpacker] Everything's up-to-date. Nothing to do
Completed 200 OK in 15ms (Views: 12.8ms | ActiveRecord: 0.1ms | Allocations: 4898)


Started GET "/posts/1/edit" for ::1 at 2020-03-11 14:37:12 -0400
Processing by PostsController#edit as HTML
  Parameters: {"id"=>"1"}
  [1m[36mPost Load (0.2ms)[0m  [1m[34mSELECT "posts".* FROM "posts" WHERE "posts"."id" = ? LIMIT ?[0m  [["id", 1], ["LIMIT", 1]]
  ↳ app/controllers/posts_controller.rb:67:in `set_post'
  Rendering posts/edit.html.erb within layouts/application
  Rendered posts/_form.html.erb (Duration: 3.6ms | Allocations: 1189)
  Rendered posts/edit.html.erb within layouts/application (Duration: 4.9ms | Allocations: 1446)
[Webpacker] Everything's up-to-date. Nothing to do
Completed 200 OK in 16ms (Views: 13.7ms | ActiveRecord: 0.2ms | Allocations: 6118)


Started GET "/posts/1" for ::1 at 2020-03-11 14:37:14 -0400
Processing by PostsController#show as HTML
  Parameters: {"id"=>"1"}
  [1m[36mPost Load (0.3ms)[0m  [1m[34mSELECT "posts".* FROM "posts" WHERE "posts"."id" = ? LIMIT ?[0m  [["id", 1], ["LIMIT", 1]]
  ↳ app/controllers/posts_controller.rb:67:in `set_post'
  Rendering posts/show.html.erb within layouts/application
  Rendered posts/show.html.erb within layouts/application (Duration: 0.3ms | Allocations: 89)
[Webpacker] Everything's up-to-date. Nothing to do
Completed 200 OK in 34ms (Views: 30.3ms | ActiveRecord: 0.3ms | Allocations: 4635)


Started GET "/posts" for ::1 at 2020-03-11 14:37:15 -0400
Processing by PostsController#index as HTML
  Rendering posts/index.html.erb within layouts/application
  [1m[36mPost Load (0.1ms)[0m  [1m[34mSELECT "posts".* FROM "posts"[0m
  ↳ app/views/posts/index.html.erb:17
  Rendered posts/index.html.erb within layouts/application (Duration: 4.3ms | Allocations: 870)
[Webpacker] Everything's up-to-date. Nothing to do
Completed 200 OK in 17ms (Views: 15.9ms | ActiveRecord: 0.1ms | Allocations: 4899)


Started DELETE "/posts/1" for ::1 at 2020-03-11 14:37:19 -0400
Processing by PostsController#destroy as HTML
  Parameters: {"authenticity_token"=>"1E9aV3s8Dn7aPfj5nRxwn30Wj1K7nmJtASo6blSf8RUR7l61nkBeAd1HqWPaCroPvrQjNGNyYL4nI4Krl9Rrzg==", "id"=>"1"}
  [1m[36mPost Load (0.3ms)[0m  [1m[34mSELECT "posts".* FROM "posts" WHERE "posts"."id" = ? LIMIT ?[0m  [["id", 1], ["LIMIT", 1]]
  ↳ app/controllers/posts_controller.rb:67:in `set_post'
  [1m[35m (0.1ms)[0m  [1m[36mbegin transaction[0m
  ↳ app/controllers/posts_controller.rb:57:in `destroy'
  [1m[36mPost Destroy (0.6ms)[0m  [1m[31mDELETE FROM "posts" WHERE "posts"."id" = ?[0m  [["id", 1]]
  ↳ app/controllers/posts_controller.rb:57:in `destroy'
  [1m[35m (1.4ms)[0m  [1m[36mcommit transaction[0m
  ↳ app/controllers/posts_controller.rb:57:in `destroy'
Redirected to http://localhost:3000/posts
Completed 302 Found in 12ms (ActiveRecord: 2.4ms | Allocations: 2655)


Started GET "/posts" for ::1 at 2020-03-11 14:37:19 -0400
Processing by PostsController#index as HTML
  Rendering posts/index.html.erb within layouts/application
  [1m[36mPost Load (0.3ms)[0m  [1m[34mSELECT "posts".* FROM "posts"[0m
  ↳ app/views/posts/index.html.erb:17
  Rendered posts/index.html.erb within layouts/application (Duration: 2.7ms | Allocations: 737)
[Webpacker] Everything's up-to-date. Nothing to do
Completed 200 OK in 14ms (Views: 12.6ms | ActiveRecord: 0.3ms | Allocations: 4879)


